\BOOKMARK [1][-]{section.1}{\376\377\000I\000n\000t\000r\000o\000d\000u\000c\000t\000i\000o\000n}{}% 1
\BOOKMARK [1][-]{section.2}{\376\377\000R\000e\000l\000a\000t\000e\000d\000\040\000W\000o\000r\000k}{}% 2
\BOOKMARK [2][-]{subsection.2.1}{\376\377\000E\000f\000f\000i\000c\000i\000e\000n\000t\000\040\000C\000o\000n\000v\000o\000l\000u\000t\000i\000o\000n\000a\000l\000\040\000A\000r\000c\000h\000i\000t\000e\000c\000t\000u\000r\000e\000s}{section.2}% 3
\BOOKMARK [2][-]{subsection.2.2}{\376\377\000V\000i\000s\000i\000o\000n\000\040\000T\000r\000a\000n\000s\000f\000o\000r\000m\000e\000r\000s}{section.2}% 4
\BOOKMARK [2][-]{subsection.2.3}{\376\377\000T\000r\000a\000n\000s\000f\000e\000r\000\040\000L\000e\000a\000r\000n\000i\000n\000g\000\040\000f\000o\000r\000\040\000I\000m\000a\000g\000e\000\040\000C\000l\000a\000s\000s\000i\000f\000i\000c\000a\000t\000i\000o\000n}{section.2}% 5
\BOOKMARK [2][-]{subsection.2.4}{\376\377\000P\000o\000s\000e\000\040\000E\000s\000t\000i\000m\000a\000t\000i\000o\000n\000\040\000f\000o\000r\000\040\000A\000u\000g\000m\000e\000n\000t\000e\000d\000\040\000R\000e\000a\000l\000i\000t\000y}{section.2}% 6
\BOOKMARK [1][-]{section.3}{\376\377\000M\000e\000t\000h\000o\000d\000s}{}% 7
\BOOKMARK [2][-]{subsection.3.1}{\376\377\000D\000a\000t\000a\000s\000e\000t}{section.3}% 8
\BOOKMARK [2][-]{subsection.3.2}{\376\377\000M\000o\000d\000e\000l\000\040\000A\000r\000c\000h\000i\000t\000e\000c\000t\000u\000r\000e\000s}{section.3}% 9
\BOOKMARK [3][-]{subsubsection.3.2.1}{\376\377\000O\000b\000j\000e\000c\000t\000C\000N\000N}{subsection.3.2}% 10
\BOOKMARK [3][-]{subsubsection.3.2.2}{\376\377\000O\000b\000j\000e\000c\000t\000V\000i\000T}{subsection.3.2}% 11
\BOOKMARK [3][-]{subsubsection.3.2.3}{\376\377\000M\000o\000b\000i\000l\000e\000N\000e\000t\000V\0002}{subsection.3.2}% 12
\BOOKMARK [2][-]{subsection.3.3}{\376\377\000T\000r\000a\000i\000n\000i\000n\000g}{section.3}% 13
\BOOKMARK [2][-]{subsection.3.4}{\376\377\000A\000R\000\040\000R\000e\000n\000d\000e\000r\000i\000n\000g\000\040\000P\000i\000p\000e\000l\000i\000n\000e}{section.3}% 14
\BOOKMARK [1][-]{section.4}{\376\377\000E\000x\000p\000e\000r\000i\000m\000e\000n\000t\000s\000\040\000a\000n\000d\000\040\000R\000e\000s\000u\000l\000t\000s}{}% 15
\BOOKMARK [2][-]{subsection.4.1}{\376\377\000E\000v\000a\000l\000u\000a\000t\000i\000o\000n\000\040\000S\000e\000t\000u\000p}{section.4}% 16
\BOOKMARK [2][-]{subsection.4.2}{\376\377\000C\000N\000N\000\040\000R\000e\000s\000u\000l\000t\000s\000\040\000\050\0005\000\040\000C\000l\000a\000s\000s\000e\000s\000\051}{section.4}% 17
\BOOKMARK [2][-]{subsection.4.3}{\376\377\000M\000o\000b\000i\000l\000e\000N\000e\000t\000V\0002\000\040\000R\000e\000s\000u\000l\000t\000s\000\040\000\050\0001\0000\000\040\000C\000l\000a\000s\000s\000e\000s\000\051}{section.4}% 18
\BOOKMARK [2][-]{subsection.4.4}{\376\377\000L\000i\000v\000e\000\040\000A\000R\000\040\000P\000e\000r\000f\000o\000r\000m\000a\000n\000c\000e}{section.4}% 19
\BOOKMARK [1][-]{section.5}{\376\377\000D\000i\000s\000c\000u\000s\000s\000i\000o\000n\000\040\000a\000n\000d\000\040\000S\000u\000m\000m\000a\000r\000y}{}% 20
\BOOKMARK [1][-]{section*.1}{\376\377\000R\000e\000f\000e\000r\000e\000n\000c\000e\000s}{}% 21
